  [1m[35m (145.4ms)[0m  [1m[35mCREATE TABLE "schema_migrations" ("version" character varying PRIMARY KEY)[0m
  [1m[35m (5.3ms)[0m  [1m[35mCREATE TABLE "ar_internal_metadata" ("key" character varying PRIMARY KEY, "value" character varying, "created_at" timestamp NOT NULL, "updated_at" timestamp NOT NULL)[0m
  [1m[35m (1.5ms)[0m  [1m[34mSELECT pg_try_advisory_lock(1409150721988127055);[0m
  [1m[36mActiveRecord::SchemaMigration Load (0.5ms)[0m  [1m[34mSELECT "schema_migrations".* FROM "schema_migrations"[0m
Migrating to CreateUsers (20190711225122)
  [1m[35m (0.1ms)[0m  [1m[35mBEGIN[0m
  [1m[35m (12.0ms)[0m  [1m[35mCREATE TABLE "users" ("id" serial primary key, "first_name" character varying, "last_name" character varying, "encrypted_ssn" character varying, "encrypted_ssn_iv" character varying, "email" character varying, "created_at" timestamp NOT NULL, "updated_at" timestamp NOT NULL)[0m
  [1m[35mSQL (4.6ms)[0m  [1m[32mINSERT INTO "schema_migrations" ("version") VALUES ($1) RETURNING "version"[0m  [["version", "20190711225122"]]
  [1m[35m (0.5ms)[0m  [1m[35mCOMMIT[0m
  [1m[36mActiveRecord::InternalMetadata Load (2.0ms)[0m  [1m[34mSELECT  "ar_internal_metadata".* FROM "ar_internal_metadata" WHERE "ar_internal_metadata"."key" = $1 LIMIT $2[0m  [["key", "environment"], ["LIMIT", 1]]
  [1m[35m (0.1ms)[0m  [1m[35mBEGIN[0m
  [1m[35mSQL (1.4ms)[0m  [1m[32mINSERT INTO "ar_internal_metadata" ("key", "value", "created_at", "updated_at") VALUES ($1, $2, $3, $4) RETURNING "key"[0m  [["key", "environment"], ["value", "development"], ["created_at", "2019-07-11 22:51:51.128983"], ["updated_at", "2019-07-11 22:51:51.128983"]]
  [1m[35m (0.4ms)[0m  [1m[35mCOMMIT[0m
  [1m[35m (0.2ms)[0m  [1m[34mSELECT pg_advisory_unlock(1409150721988127055)[0m
  [1m[36mActiveRecord::SchemaMigration Load (0.3ms)[0m  [1m[34mSELECT "schema_migrations".* FROM "schema_migrations"[0m
  [1m[35m (0.2ms)[0m  [1m[35mBEGIN[0m
  [1m[35mSQL (0.8ms)[0m  [1m[32mINSERT INTO "users" ("first_name", "last_name", "encrypted_ssn", "encrypted_ssn_iv", "email", "created_at", "updated_at") VALUES ($1, $2, $3, $4, $5, $6, $7) RETURNING "id"[0m  [["first_name", "John"], ["last_name", "Smith"], ["encrypted_ssn", "rtNMt6N3Wnl90EF/qziOMh1San0S9jhXUVR2\n"], ["encrypted_ssn_iv", "wXgW3bjDHwmcWAcr\n"], ["email", "email@example.com"], ["created_at", "2019-07-11 23:18:35.504791"], ["updated_at", "2019-07-11 23:18:35.504791"]]
  [1m[35m (12.5ms)[0m  [1m[35mCOMMIT[0m
Started POST "/users" for ::1 at 2019-07-12 12:42:16 -0600
  [1m[36mActiveRecord::SchemaMigration Load (0.6ms)[0m  [1m[34mSELECT "schema_migrations".* FROM "schema_migrations"[0m
  
ActionController::RoutingError (No route matches [POST] "/users"):
  
actionpack (5.0.7.2) lib/action_dispatch/middleware/debug_exceptions.rb:53:in `call'
actionpack (5.0.7.2) lib/action_dispatch/middleware/show_exceptions.rb:31:in `call'
railties (5.0.7.2) lib/rails/rack/logger.rb:36:in `call_app'
railties (5.0.7.2) lib/rails/rack/logger.rb:24:in `block in call'
activesupport (5.0.7.2) lib/active_support/tagged_logging.rb:69:in `block in tagged'
activesupport (5.0.7.2) lib/active_support/tagged_logging.rb:26:in `tagged'
activesupport (5.0.7.2) lib/active_support/tagged_logging.rb:69:in `tagged'
railties (5.0.7.2) lib/rails/rack/logger.rb:24:in `call'
actionpack (5.0.7.2) lib/action_dispatch/middleware/request_id.rb:24:in `call'
rack (2.0.7) lib/rack/runtime.rb:22:in `call'
activesupport (5.0.7.2) lib/active_support/cache/strategy/local_cache_middleware.rb:28:in `call'
actionpack (5.0.7.2) lib/action_dispatch/middleware/executor.rb:12:in `call'
actionpack (5.0.7.2) lib/action_dispatch/middleware/static.rb:136:in `call'
rack (2.0.7) lib/rack/sendfile.rb:111:in `call'
railties (5.0.7.2) lib/rails/engine.rb:522:in `call'
puma (3.12.1) lib/puma/configuration.rb:227:in `call'
puma (3.12.1) lib/puma/server.rb:660:in `handle_request'
puma (3.12.1) lib/puma/server.rb:474:in `process_client'
puma (3.12.1) lib/puma/server.rb:334:in `block in run'
puma (3.12.1) lib/puma/thread_pool.rb:135:in `block in spawn_thread'
Started POST "/api/v1/users" for ::1 at 2019-07-12 12:42:59 -0600
Processing by Api::V1::UsersController#create as */*
Completed 400 Bad Request in 10ms (ActiveRecord: 4.1ms)


  
ActionController::ParameterMissing (param is missing or the value is empty: user):
  
app/controllers/api/v1/users_controller.rb:9:in `user_params'
app/controllers/api/v1/users_controller.rb:3:in `create'
Started POST "/api/v1/users?=" for ::1 at 2019-07-12 12:44:31 -0600
Processing by Api::V1::UsersController#create as */*
  Parameters: {"first_name"=>"Teresa", "last_name"=>"Knowles", "email"=>"email@email.com", "ssn"=>"00000"}
Completed 400 Bad Request in 0ms (ActiveRecord: 0.0ms)


  
ActionController::ParameterMissing (param is missing or the value is empty: user):
  
app/controllers/api/v1/users_controller.rb:9:in `user_params'
app/controllers/api/v1/users_controller.rb:3:in `create'
Started POST "/api/v1/users?=" for ::1 at 2019-07-12 12:48:23 -0600
Processing by Api::V1::UsersController#create as */*
  Parameters: {"first_name"=>"John", "last_name"=>"Knowles", "email"=>"email@email.com", "ssn"=>"000000000", "user"=>{"first_name"=>"John", "last_name"=>"Knowles", "email"=>"email@email.com"}}
  [1m[35m (0.1ms)[0m  [1m[35mBEGIN[0m
  [1m[35m (0.1ms)[0m  [1m[31mROLLBACK[0m
Completed 200 OK in 42ms (Views: 1.1ms | ActiveRecord: 6.7ms)


Started POST "/api/v1/users?=" for ::1 at 2019-07-12 12:48:43 -0600
Processing by Api::V1::UsersController#create as */*
  Parameters: {"first_name"=>"John", "last_name"=>"Knowles", "email"=>"email@email.com", "ssn"=>"000000000", "user"=>{"first_name"=>"John", "last_name"=>"Knowles", "email"=>"email@email.com"}}
  [1m[35m (0.1ms)[0m  [1m[35mBEGIN[0m
  [1m[35m (0.2ms)[0m  [1m[31mROLLBACK[0m
Completed 200 OK in 4ms (Views: 0.4ms | ActiveRecord: 0.3ms)


Started POST "/api/v1/users?=" for ::1 at 2019-07-12 12:50:16 -0600
  [1m[36mActiveRecord::SchemaMigration Load (0.5ms)[0m  [1m[34mSELECT "schema_migrations".* FROM "schema_migrations"[0m
Processing by Api::V1::UsersController#create as */*
  Parameters: {"first_name"=>"Test 2", "last_name"=>"Knowles", "email"=>"email@email.com", "ssn"=>"000000000", "user"=>{"first_name"=>"Test 2", "last_name"=>"Knowles", "email"=>"email@email.com"}}
  [1m[35m (0.1ms)[0m  [1m[35mBEGIN[0m
  [1m[35m (0.2ms)[0m  [1m[31mROLLBACK[0m
Completed 200 OK in 423637ms (Views: 1.0ms | ActiveRecord: 9.1ms)


Started POST "/api/v1/users?=" for ::1 at 2019-07-12 12:57:34 -0600
  [1m[36mActiveRecord::SchemaMigration Load (0.5ms)[0m  [1m[34mSELECT "schema_migrations".* FROM "schema_migrations"[0m
Processing by Api::V1::UsersController#create as */*
  Parameters: {"user"=>{"first_name"=>"Test 2", "last_name"=>"Knowles", "email"=>"email@email.com", "ssn"=>"000000000"}}
  [1m[35m (0.2ms)[0m  [1m[35mBEGIN[0m
  [1m[35mSQL (3.7ms)[0m  [1m[32mINSERT INTO "users" ("first_name", "last_name", "encrypted_ssn", "encrypted_ssn_iv", "email", "created_at", "updated_at") VALUES ($1, $2, $3, $4, $5, $6, $7) RETURNING "id"[0m  [["first_name", "Test 2"], ["last_name", "Knowles"], ["encrypted_ssn", "YLdolMKVFsDL6/z5Obr3C5RooxnyLmyiOg==\n"], ["encrypted_ssn_iv", "yg8YD01iorbc1/EH\n"], ["email", "email@email.com"], ["created_at", "2019-07-12 18:57:51.917201"], ["updated_at", "2019-07-12 18:57:51.917201"]]
  [1m[35m (1.9ms)[0m  [1m[35mCOMMIT[0m
Completed 200 OK in 16805ms (Views: 0.6ms | ActiveRecord: 11.1ms)


Started POST "/api/v1/users?=" for ::1 at 2019-07-12 12:59:23 -0600
  [1m[36mActiveRecord::SchemaMigration Load (0.5ms)[0m  [1m[34mSELECT "schema_migrations".* FROM "schema_migrations"[0m
Processing by Api::V1::UsersController#create as */*
  Parameters: {"user"=>{"first_name"=>"Test 2", "last_name"=>"Knowles", "email"=>"email@email.com"}}
  [1m[35m (0.1ms)[0m  [1m[35mBEGIN[0m
  [1m[35m (0.1ms)[0m  [1m[31mROLLBACK[0m
Completed 200 OK in 17ms (Views: 0.5ms | ActiveRecord: 6.7ms)


Started POST "/api/v1/users?=" for ::1 at 2019-07-12 13:06:03 -0600
  [1m[36mActiveRecord::SchemaMigration Load (0.6ms)[0m  [1m[34mSELECT "schema_migrations".* FROM "schema_migrations"[0m
Processing by Api::V1::UsersController#create as */*
  Parameters: {"user"=>{"first_name"=>"Test 2", "last_name"=>"Knowles", "email"=>"email@email.com"}}
  [1m[35m (0.2ms)[0m  [1m[35mBEGIN[0m
  [1m[35m (0.2ms)[0m  [1m[31mROLLBACK[0m
Completed 200 OK in 173ms (Views: 0.3ms | ActiveRecord: 158.6ms)


Started POST "/api/v1/users?=" for ::1 at 2019-07-12 13:12:20 -0600
  [1m[36mActiveRecord::SchemaMigration Load (0.6ms)[0m  [1m[34mSELECT "schema_migrations".* FROM "schema_migrations"[0m
Processing by Api::V1::UsersController#create as */*
  Parameters: {"user"=>{"first_name"=>"Test 2", "last_name"=>"Knowles", "email"=>"email@email.com"}}
  [1m[35m (0.1ms)[0m  [1m[35mBEGIN[0m
  [1m[35m (0.3ms)[0m  [1m[31mROLLBACK[0m
Completed 400 Bad Request in 17ms (Views: 0.6ms | ActiveRecord: 5.9ms)


Started POST "/api/v1/users?=" for ::1 at 2019-07-12 13:12:40 -0600
  [1m[36mActiveRecord::SchemaMigration Load (0.6ms)[0m  [1m[34mSELECT "schema_migrations".* FROM "schema_migrations"[0m
Processing by Api::V1::UsersController#create as */*
  Parameters: {"user"=>{"first_name"=>"Test 2", "last_name"=>"Knowles", "email"=>"email@email.com"}}
  [1m[35m (0.2ms)[0m  [1m[35mBEGIN[0m
  [1m[35m (0.2ms)[0m  [1m[31mROLLBACK[0m
  [1m[35m (0.2ms)[0m  [1m[35mBEGIN[0m
  [1m[35m (0.2ms)[0m  [1m[31mROLLBACK[0m
Completed 400 Bad Request in 94744ms (Views: 0.5ms | ActiveRecord: 6.5ms)


Started POST "/api/v1/users?=" for ::1 at 2019-07-12 13:14:23 -0600
  [1m[36mActiveRecord::SchemaMigration Load (0.5ms)[0m  [1m[34mSELECT "schema_migrations".* FROM "schema_migrations"[0m
Processing by Api::V1::UsersController#create as */*
  Parameters: {"user"=>{"first_name"=>"Test 2", "last_name"=>"Knowles", "email"=>"email@email.com"}}
  [1m[35m (0.1ms)[0m  [1m[35mBEGIN[0m
  [1m[35m (0.1ms)[0m  [1m[31mROLLBACK[0m
Completed 400 Bad Request in 16ms (Views: 0.3ms | ActiveRecord: 4.9ms)


Started POST "/api/v1/users?=" for ::1 at 2019-07-12 13:14:41 -0600
Processing by Api::V1::UsersController#create as */*
  Parameters: {"user"=>{"first_name"=>"Test 2", "last_name"=>"Knowles", "email"=>"email@email.com", "ssn"=>"00000000"}}
  [1m[35m (1.0ms)[0m  [1m[35mBEGIN[0m
  [1m[35mSQL (4.7ms)[0m  [1m[32mINSERT INTO "users" ("first_name", "last_name", "encrypted_ssn", "encrypted_ssn_iv", "email", "created_at", "updated_at") VALUES ($1, $2, $3, $4, $5, $6, $7) RETURNING "id"[0m  [["first_name", "Test 2"], ["last_name", "Knowles"], ["encrypted_ssn", "1l+Ma0VbwduSvrhLd/bqNTzxlQ0xwoRP\n"], ["encrypted_ssn_iv", "9adF+QOx4qrcDMX0\n"], ["email", "email@email.com"], ["created_at", "2019-07-12 19:14:41.577656"], ["updated_at", "2019-07-12 19:14:41.577656"]]
  [1m[35m (19.5ms)[0m  [1m[35mCOMMIT[0m
Completed 201 Created in 31ms (Views: 0.6ms | ActiveRecord: 25.3ms)


Started POST "/api/v1/users?=" for ::1 at 2019-07-12 13:14:44 -0600
Processing by Api::V1::UsersController#create as */*
  Parameters: {"user"=>{"first_name"=>"Test 2", "last_name"=>"Knowles", "email"=>"email@email.com", "ssn"=>"00000000"}}
  [1m[35m (0.3ms)[0m  [1m[35mBEGIN[0m
  [1m[35mSQL (0.7ms)[0m  [1m[32mINSERT INTO "users" ("first_name", "last_name", "encrypted_ssn", "encrypted_ssn_iv", "email", "created_at", "updated_at") VALUES ($1, $2, $3, $4, $5, $6, $7) RETURNING "id"[0m  [["first_name", "Test 2"], ["last_name", "Knowles"], ["encrypted_ssn", "KxpfLHf57m5q9ICDymE5vQDPWNGvp+Bx\n"], ["encrypted_ssn_iv", "JaziZVat4dy9DKvv\n"], ["email", "email@email.com"], ["created_at", "2019-07-12 19:14:44.365030"], ["updated_at", "2019-07-12 19:14:44.365030"]]
  [1m[35m (17.3ms)[0m  [1m[35mCOMMIT[0m
Completed 201 Created in 22ms (Views: 0.6ms | ActiveRecord: 18.3ms)


Started POST "/api/v1/users?=" for ::1 at 2019-07-12 13:14:46 -0600
Processing by Api::V1::UsersController#create as */*
  Parameters: {"user"=>{"first_name"=>"Test 2", "last_name"=>"Knowles", "email"=>"email@email.com", "ssn"=>"00000000"}}
  [1m[35m (0.6ms)[0m  [1m[35mBEGIN[0m
  [1m[35mSQL (1.6ms)[0m  [1m[32mINSERT INTO "users" ("first_name", "last_name", "encrypted_ssn", "encrypted_ssn_iv", "email", "created_at", "updated_at") VALUES ($1, $2, $3, $4, $5, $6, $7) RETURNING "id"[0m  [["first_name", "Test 2"], ["last_name", "Knowles"], ["encrypted_ssn", "PGXW0jeza+O6yYDMhzXmnDURfNAmF8DJ\n"], ["encrypted_ssn_iv", "Ebcby9ymSRuMehXP\n"], ["email", "email@email.com"], ["created_at", "2019-07-12 19:14:46.677838"], ["updated_at", "2019-07-12 19:14:46.677838"]]
  [1m[35m (10.8ms)[0m  [1m[35mCOMMIT[0m
Completed 201 Created in 16ms (Views: 0.4ms | ActiveRecord: 13.0ms)


Started POST "/api/v1/users?=" for ::1 at 2019-07-12 13:17:19 -0600
  [1m[36mActiveRecord::SchemaMigration Load (0.6ms)[0m  [1m[34mSELECT "schema_migrations".* FROM "schema_migrations"[0m
  
ArgumentError (Unknown validator: 'UniqueValidator'):
  
app/models/user.rb:8:in `<class:User>'
app/models/user.rb:1:in `<top (required)>'
Started POST "/api/v1/users?=" for ::1 at 2019-07-12 13:17:33 -0600
  
ArgumentError (Unknown validator: 'UniqueValidator'):
  
app/models/user.rb:8:in `<class:User>'
app/models/user.rb:1:in `<top (required)>'
Started POST "/api/v1/users?=" for ::1 at 2019-07-12 13:17:55 -0600
  [1m[36mActiveRecord::SchemaMigration Load (0.7ms)[0m  [1m[34mSELECT "schema_migrations".* FROM "schema_migrations"[0m
Processing by Api::V1::UsersController#create as */*
  Parameters: {"user"=>{"first_name"=>"Test 2", "last_name"=>"Knowles", "email"=>"email@email.com", "ssn"=>"00000000"}}
  [1m[35m (0.1ms)[0m  [1m[35mBEGIN[0m
  [1m[36mUser Exists (12.9ms)[0m  [1m[34mSELECT  1 AS one FROM "users" WHERE "users"."email" = $1 LIMIT $2[0m  [["email", "email@email.com"], ["LIMIT", 1]]
  [1m[35m (0.4ms)[0m  [1m[31mROLLBACK[0m
Completed 400 Bad Request in 39ms (Views: 0.4ms | ActiveRecord: 19.3ms)


Started POST "/api/v1/users?=" for ::1 at 2019-07-12 13:18:07 -0600
Processing by Api::V1::UsersController#create as */*
  Parameters: {"user"=>{"first_name"=>"Test 2", "email"=>"email@email.com", "ssn"=>"00000000"}}
  [1m[35m (2.2ms)[0m  [1m[35mBEGIN[0m
  [1m[36mUser Exists (1.0ms)[0m  [1m[34mSELECT  1 AS one FROM "users" WHERE "users"."email" = $1 LIMIT $2[0m  [["email", "email@email.com"], ["LIMIT", 1]]
  [1m[35m (0.6ms)[0m  [1m[31mROLLBACK[0m
Completed 400 Bad Request in 9ms (Views: 0.2ms | ActiveRecord: 3.8ms)


Started GET "/api/v1/users?=" for ::1 at 2019-07-12 13:42:55 -0600
  [1m[36mActiveRecord::SchemaMigration Load (0.6ms)[0m  [1m[34mSELECT "schema_migrations".* FROM "schema_migrations"[0m
Processing by Api::V1::UsersController#index as */*
  Parameters: {"user"=>{}}
  [1m[36mUser Load (0.5ms)[0m  [1m[34mSELECT "users".* FROM "users"[0m
Completed 200 OK in 10ms (Views: 6.1ms | ActiveRecord: 6.2ms)


  [1m[36mUser Load (0.5ms)[0m  [1m[34mSELECT  "users".* FROM "users" ORDER BY "users"."id" DESC LIMIT $1[0m  [["LIMIT", 1]]
Started GET "/api/v1/users?=" for ::1 at 2019-07-12 14:43:13 -0600
  [1m[36mActiveRecord::SchemaMigration Load (0.7ms)[0m  [1m[34mSELECT "schema_migrations".* FROM "schema_migrations"[0m
Processing by Api::V1::UsersController#index as */*
  Parameters: {"user"=>{}}
  [1m[36mUser Load (0.7ms)[0m  [1m[34mSELECT "users".* FROM "users"[0m
Completed 200 OK in 12ms (Views: 8.2ms | ActiveRecord: 5.8ms)


Started POST "/api/v1/users?=" for ::1 at 2019-07-12 14:44:05 -0600
Error occurred while parsing request parameters.
Contents:

{ 
	"user": 
	{
	"first_name": "Martin",
	"last_name": "Mercer"
	"email": "email@email.com",
	"ssn": "fjasldfjal"
	}
}
  
ActionDispatch::ParamsParser::ParseError (743: unexpected token at '{ 
	"user": 
	{
	"first_name": "Martin",
	"last_name": "Mercer"
	"email": "email@email.com",
	"ssn": "fjasldfjal"
	}
}'):
  
actionpack (5.0.7.2) lib/action_dispatch/http/parameters.rb:88:in `rescue in parse_formatted_parameters'
actionpack (5.0.7.2) lib/action_dispatch/http/parameters.rb:82:in `parse_formatted_parameters'
actionpack (5.0.7.2) lib/action_dispatch/http/request.rb:354:in `block in POST'
rack (2.0.7) lib/rack/request.rb:59:in `fetch'
rack (2.0.7) lib/rack/request.rb:59:in `fetch_header'
actionpack (5.0.7.2) lib/action_dispatch/http/request.rb:353:in `POST'
actionpack (5.0.7.2) lib/action_controller/metal/params_wrapper.rb:282:in `_wrapper_enabled?'
actionpack (5.0.7.2) lib/action_controller/metal/params_wrapper.rb:231:in `process_action'
activerecord (5.0.7.2) lib/active_record/railties/controller_runtime.rb:18:in `process_action'
actionpack (5.0.7.2) lib/abstract_controller/base.rb:126:in `process'
actionpack (5.0.7.2) lib/action_controller/metal.rb:190:in `dispatch'
actionpack (5.0.7.2) lib/action_controller/metal.rb:262:in `dispatch'
actionpack (5.0.7.2) lib/action_dispatch/routing/route_set.rb:50:in `dispatch'
actionpack (5.0.7.2) lib/action_dispatch/routing/route_set.rb:32:in `serve'
actionpack (5.0.7.2) lib/action_dispatch/journey/router.rb:39:in `block in serve'
actionpack (5.0.7.2) lib/action_dispatch/journey/router.rb:26:in `each'
actionpack (5.0.7.2) lib/action_dispatch/journey/router.rb:26:in `serve'
actionpack (5.0.7.2) lib/action_dispatch/routing/route_set.rb:727:in `call'
rack (2.0.7) lib/rack/etag.rb:25:in `call'
rack (2.0.7) lib/rack/conditional_get.rb:38:in `call'
rack (2.0.7) lib/rack/head.rb:12:in `call'
activerecord (5.0.7.2) lib/active_record/migration.rb:553:in `call'
actionpack (5.0.7.2) lib/action_dispatch/middleware/callbacks.rb:38:in `block in call'
activesupport (5.0.7.2) lib/active_support/callbacks.rb:97:in `__run_callbacks__'
activesupport (5.0.7.2) lib/active_support/callbacks.rb:750:in `_run_call_callbacks'
activesupport (5.0.7.2) lib/active_support/callbacks.rb:90:in `run_callbacks'
actionpack (5.0.7.2) lib/action_dispatch/middleware/callbacks.rb:36:in `call'
actionpack (5.0.7.2) lib/action_dispatch/middleware/executor.rb:12:in `call'
actionpack (5.0.7.2) lib/action_dispatch/middleware/remote_ip.rb:79:in `call'
actionpack (5.0.7.2) lib/action_dispatch/middleware/debug_exceptions.rb:49:in `call'
actionpack (5.0.7.2) lib/action_dispatch/middleware/show_exceptions.rb:31:in `call'
railties (5.0.7.2) lib/rails/rack/logger.rb:36:in `call_app'
railties (5.0.7.2) lib/rails/rack/logger.rb:24:in `block in call'
activesupport (5.0.7.2) lib/active_support/tagged_logging.rb:69:in `block in tagged'
activesupport (5.0.7.2) lib/active_support/tagged_logging.rb:26:in `tagged'
activesupport (5.0.7.2) lib/active_support/tagged_logging.rb:69:in `tagged'
railties (5.0.7.2) lib/rails/rack/logger.rb:24:in `call'
actionpack (5.0.7.2) lib/action_dispatch/middleware/request_id.rb:24:in `call'
rack (2.0.7) lib/rack/runtime.rb:22:in `call'
activesupport (5.0.7.2) lib/active_support/cache/strategy/local_cache_middleware.rb:28:in `call'
actionpack (5.0.7.2) lib/action_dispatch/middleware/executor.rb:12:in `call'
actionpack (5.0.7.2) lib/action_dispatch/middleware/static.rb:136:in `call'
rack (2.0.7) lib/rack/sendfile.rb:111:in `call'
railties (5.0.7.2) lib/rails/engine.rb:522:in `call'
puma (3.12.1) lib/puma/configuration.rb:227:in `call'
puma (3.12.1) lib/puma/server.rb:660:in `handle_request'
puma (3.12.1) lib/puma/server.rb:474:in `process_client'
puma (3.12.1) lib/puma/server.rb:334:in `block in run'
puma (3.12.1) lib/puma/thread_pool.rb:135:in `block in spawn_thread'
Started POST "/api/v1/users?=" for ::1 at 2019-07-12 14:44:28 -0600
Processing by Api::V1::UsersController#create as */*
  Parameters: {"user"=>{"first_name"=>"Martin", "last_name"=>"Mercer", "email"=>"email@email.com", "ssn"=>"fjasldfjal"}}
  [1m[35m (0.1ms)[0m  [1m[35mBEGIN[0m
  [1m[36mUser Exists (2.9ms)[0m  [1m[34mSELECT  1 AS one FROM "users" WHERE "users"."email" = $1 LIMIT $2[0m  [["email", "email@email.com"], ["LIMIT", 1]]
  [1m[35m (0.1ms)[0m  [1m[31mROLLBACK[0m
Completed 400 Bad Request in 30ms (Views: 0.1ms | ActiveRecord: 3.2ms)


Started POST "/api/v1/users?=" for ::1 at 2019-07-12 14:44:53 -0600
Processing by Api::V1::UsersController#create as */*
  Parameters: {"user"=>{"first_name"=>"Martin", "last_name"=>"Mercer", "email"=>"email@email.com", "ssn"=>"fjasldfja"}}
  [1m[35m (1.6ms)[0m  [1m[35mBEGIN[0m
  [1m[36mUser Exists (1.7ms)[0m  [1m[34mSELECT  1 AS one FROM "users" WHERE "users"."email" = $1 LIMIT $2[0m  [["email", "email@email.com"], ["LIMIT", 1]]
  [1m[35m (1.3ms)[0m  [1m[31mROLLBACK[0m
Completed 400 Bad Request in 10ms (Views: 0.2ms | ActiveRecord: 4.6ms)


Started POST "/api/v1/users?=" for ::1 at 2019-07-12 14:45:30 -0600
Processing by Api::V1::UsersController#create as */*
  Parameters: {"user"=>{"first_name"=>"Martin", "last_name"=>"Mercer", "email"=>"email@emjlljail.com", "ssn"=>"122-11-1234"}}
  [1m[35m (0.2ms)[0m  [1m[35mBEGIN[0m
  [1m[36mUser Exists (0.8ms)[0m  [1m[34mSELECT  1 AS one FROM "users" WHERE "users"."email" = $1 LIMIT $2[0m  [["email", "email@emjlljail.com"], ["LIMIT", 1]]
  [1m[35mSQL (2.5ms)[0m  [1m[32mINSERT INTO "users" ("first_name", "last_name", "encrypted_ssn", "encrypted_ssn_iv", "email", "created_at", "updated_at") VALUES ($1, $2, $3, $4, $5, $6, $7) RETURNING "id"[0m  [["first_name", "Martin"], ["last_name", "Mercer"], ["encrypted_ssn", "2tZpXrr2oAFjsyrhQdrly2RMNU0RgvT/xw==\n"], ["encrypted_ssn_iv", "ntDf1RhDSSQOuaIg\n"], ["email", "email@emjlljail.com"], ["created_at", "2019-07-12 20:45:30.966873"], ["updated_at", "2019-07-12 20:45:30.966873"]]
  [1m[35m (4.3ms)[0m  [1m[35mCOMMIT[0m
Completed 201 Created in 13ms (Views: 0.5ms | ActiveRecord: 7.8ms)


Started POST "/api/v1/users?=" for ::1 at 2019-07-12 14:55:19 -0600
  [1m[36mActiveRecord::SchemaMigration Load (0.5ms)[0m  [1m[34mSELECT "schema_migrations".* FROM "schema_migrations"[0m
Processing by Api::V1::UsersController#create as */*
  Parameters: {"user"=>{"first_name"=>"Martin", "last_name"=>"Mercer", "email"=>"email@emjlljail.com", "ssn"=>"122-11-1234"}}
  [1m[35m (0.2ms)[0m  [1m[35mBEGIN[0m
  [1m[36mUser Exists (0.8ms)[0m  [1m[34mSELECT  1 AS one FROM "users" WHERE "users"."email" = $1 LIMIT $2[0m  [["email", "email@emjlljail.com"], ["LIMIT", 1]]
  [1m[35m (0.2ms)[0m  [1m[31mROLLBACK[0m
Completed 400 Bad Request in 24ms (Views: 0.2ms | ActiveRecord: 6.0ms)


Started POST "/api/v1/users?=" for ::1 at 2019-07-12 14:55:25 -0600
Processing by Api::V1::UsersController#create as */*
  Parameters: {"user"=>{"first_name"=>"Martin", "last_name"=>"Mercer", "email"=>"email@emjlldsdjail.com", "ssn"=>"122-11-1234"}}
  [1m[35m (0.3ms)[0m  [1m[35mBEGIN[0m
  [1m[36mUser Exists (0.4ms)[0m  [1m[34mSELECT  1 AS one FROM "users" WHERE "users"."email" = $1 LIMIT $2[0m  [["email", "email@emjlldsdjail.com"], ["LIMIT", 1]]
  [1m[35mSQL (0.8ms)[0m  [1m[32mINSERT INTO "users" ("first_name", "last_name", "encrypted_ssn", "encrypted_ssn_iv", "email", "created_at", "updated_at") VALUES ($1, $2, $3, $4, $5, $6, $7) RETURNING "id"[0m  [["first_name", "Martin"], ["last_name", "Mercer"], ["encrypted_ssn", "TLGVoNwAKsvhZXJfnaUTl/Ic2W6gDkyoWg==\n"], ["encrypted_ssn_iv", "YiPORBbLmHmI5sso\n"], ["email", "email@emjlldsdjail.com"], ["created_at", "2019-07-12 20:55:25.798790"], ["updated_at", "2019-07-12 20:55:25.798790"]]
  [1m[35m (9.1ms)[0m  [1m[35mCOMMIT[0m
Completed 201 Created in 17ms (Views: 0.6ms | ActiveRecord: 10.6ms)


Started POST "/api/v1/users?=" for ::1 at 2019-07-12 14:58:40 -0600
  [1m[36mActiveRecord::SchemaMigration Load (0.9ms)[0m  [1m[34mSELECT "schema_migrations".* FROM "schema_migrations"[0m
Processing by Api::V1::UsersController#create as */*
  Parameters: {"user"=>{"first_name"=>"Martin", "last_name"=>"Mercer", "email"=>"email@emjlldsadfadjail.com", "ssn"=>"122-11-1234"}}
  [1m[35m (0.1ms)[0m  [1m[35mBEGIN[0m
  [1m[36mUser Exists (0.8ms)[0m  [1m[34mSELECT  1 AS one FROM "users" WHERE "users"."email" = $1 LIMIT $2[0m  [["email", "email@emjlldsadfadjail.com"], ["LIMIT", 1]]
  [1m[35mSQL (0.5ms)[0m  [1m[32mINSERT INTO "users" ("first_name", "last_name", "encrypted_ssn", "encrypted_ssn_iv", "email", "created_at", "updated_at") VALUES ($1, $2, $3, $4, $5, $6, $7) RETURNING "id"[0m  [["first_name", "Martin"], ["last_name", "Mercer"], ["encrypted_ssn", "xtjLbGcBi5VM1PJ0wuIOAWNqc1NETNnzjw==\n"], ["encrypted_ssn_iv", "3QByaWrR9loGC+jN\n"], ["email", "email@emjlldsadfadjail.com"], ["created_at", "2019-07-12 20:58:40.769537"], ["updated_at", "2019-07-12 20:58:40.769537"]]
  [1m[35m (0.4ms)[0m  [1m[35mCOMMIT[0m
Completed 201 Created in 22ms (Views: 0.2ms | ActiveRecord: 5.9ms)


Started GET "/api/v1/users?=" for ::1 at 2019-07-12 15:00:13 -0600
  [1m[36mActiveRecord::SchemaMigration Load (0.7ms)[0m  [1m[34mSELECT "schema_migrations".* FROM "schema_migrations"[0m
Processing by Api::V1::UsersController#index as */*
  Parameters: {"user"=>{"first_name"=>"Martin", "last_name"=>"Mercer", "email"=>"email@emjlldsadfadjail.com", "ssn"=>"122-11-1234"}}
  [1m[36mUser Load (0.6ms)[0m  [1m[34mSELECT "users".* FROM "users"[0m
Completed 200 OK in 12ms (Views: 0.1ms | ActiveRecord: 4.8ms)


Started GET "/api/v1/users?=" for ::1 at 2019-07-12 15:00:16 -0600
Processing by Api::V1::UsersController#index as */*
  Parameters: {"user"=>{"first_name"=>"Martin", "last_name"=>"Mercer", "email"=>"email@emjlldsadfadjail.com", "ssn"=>"122-11-1234"}}
  [1m[36mUser Load (3.1ms)[0m  [1m[34mSELECT "users".* FROM "users"[0m
Completed 200 OK in 5ms (Views: 0.1ms | ActiveRecord: 3.1ms)


